# JRE version: Java(TM) SE Runtime Environment (17.0.13+10) (build 17.0.13+10-LTS-268)
# Java VM: Java HotSpot(TM) 64-Bit Server VM (17.0.13+10-LTS-268, mixed mode, sharing, tiered, compressed oops, compressed class ptrs, g1 gc, windows-amd64)
GC Precious Log:
 CPUs: 12 total, 12 available
 Memory: 24521M
 Large Page Support: Disabled
 NUMA Support: Disabled
 Compressed Oops: Enabled (Zero based)
 Heap Region Size: 4M
 Heap Min Capacity: 8M
 Heap Initial Capacity: 384M
 Heap Max Capacity: 6132M
 Pre-touch: Disabled
 Parallel Workers: 10
 Concurrent Workers: 3
 Concurrent Refinement Workers: 10
 Periodic GC: Disabled
Heap:
 garbage-first heap   total 110592K, used 33089K [0x0000000680c00000, 0x0000000800000000)
  region size 4096K, 4 young (16384K), 1 survivors (4096K)
 Metaspace       used 60067K, committed 60608K, reserved 1114112K
  class space    used 8321K, committed 8576K, reserved 1048576K
GC Heap History (20 events):
Event: 2.399 GC heap before
{Heap before GC invocations=3 (full 0):
 garbage-first heap   total 393216K, used 28640K [0x0000000680c00000, 0x0000000800000000)
  region size 4096K, 7 young (28672K), 2 survivors (8192K)
 Metaspace       used 21292K, committed 21504K, reserved 1114112K
  class space    used 2629K, committed 2752K, reserved 1048576K
}
Event: 2.402 GC heap after
{Heap after GC invocations=4 (full 0):
 garbage-first heap   total 393216K, used 13696K [0x0000000680c00000, 0x0000000800000000)
  region size 4096K, 2 young (8192K), 2 survivors (8192K)
 Metaspace       used 21292K, committed 21504K, reserved 1114112K
  class space    used 2629K, committed 2752K, reserved 1048576K
}
Event: 3.057 GC heap before
{Heap before GC invocations=5 (full 0):
 garbage-first heap   total 69632K, used 46464K [0x0000000680c00000, 0x0000000800000000)
  region size 4096K, 10 young (40960K), 2 survivors (8192K)
 Metaspace       used 27227K, committed 27584K, reserved 1114112K
  class space    used 3438K, committed 3584K, reserved 1048576K
}
Event: 3.064 GC heap after
{Heap after GC invocations=6 (full 0):
 garbage-first heap   total 69632K, used 16744K [0x0000000680c00000, 0x0000000800000000)
  region size 4096K, 2 young (8192K), 2 survivors (8192K)
 Metaspace       used 27227K, committed 27584K, reserved 1114112K
  class space    used 3438K, committed 3584K, reserved 1048576K
}
Event: 3.140 GC heap before
{Heap before GC invocations=6 (full 0):
 garbage-first heap   total 69632K, used 20840K [0x0000000680c00000, 0x0000000800000000)
  region size 4096K, 3 young (12288K), 2 survivors (8192K)
 Metaspace       used 28171K, committed 28544K, reserved 1114112K
  class space    used 3539K, committed 3712K, reserved 1048576K
}
Event: 3.147 GC heap after
{Heap after GC invocations=7 (full 0):
 garbage-first heap   total 69632K, used 16809K [0x0000000680c00000, 0x0000000800000000)
  region size 4096K, 1 young (4096K), 1 survivors (4096K)
 Metaspace       used 28171K, committed 28544K, reserved 1114112K
  class space    used 3539K, committed 3712K, reserved 1048576K
}
Event: 3.493 GC heap before
{Heap before GC invocations=7 (full 0):
 garbage-first heap   total 69632K, used 41385K [0x0000000680c00000, 0x0000000800000000)
  region size 4096K, 7 young (28672K), 1 survivors (4096K)
 Metaspace       used 32382K, committed 32832K, reserved 1114112K
  class space    used 4127K, committed 4352K, reserved 1048576K
}
Event: 3.495 GC heap after
{Heap after GC invocations=8 (full 0):
 garbage-first heap   total 69632K, used 17443K [0x0000000680c00000, 0x0000000800000000)
  region size 4096K, 1 young (4096K), 1 survivors (4096K)
 Metaspace       used 32382K, committed 32832K, reserved 1114112K
  class space    used 4127K, committed 4352K, reserved 1048576K
}
Event: 3.740 GC heap before
{Heap before GC invocations=8 (full 0):
 garbage-first heap   total 69632K, used 29731K [0x0000000680c00000, 0x0000000800000000)
  region size 4096K, 5 young (20480K), 1 survivors (4096K)
 Metaspace       used 35545K, committed 35968K, reserved 1114112K
  class space    used 4653K, committed 4864K, reserved 1048576K
}
Event: 3.742 GC heap after
{Heap after GC invocations=9 (full 0):
 garbage-first heap   total 69632K, used 18131K [0x0000000680c00000, 0x0000000800000000)
  region size 4096K, 1 young (4096K), 1 survivors (4096K)
 Metaspace       used 35545K, committed 35968K, reserved 1114112K
  class space    used 4653K, committed 4864K, reserved 1048576K
}
Event: 4.272 GC heap before
{Heap before GC invocations=10 (full 0):
 garbage-first heap   total 69632K, used 46803K [0x0000000680c00000, 0x0000000800000000)
  region size 4096K, 8 young (32768K), 1 survivors (4096K)
 Metaspace       used 42467K, committed 42944K, reserved 1114112K
  class space    used 5527K, committed 5760K, reserved 1048576K
}
Event: 4.275 GC heap after
{Heap after GC invocations=11 (full 0):
 garbage-first heap   total 69632K, used 19551K [0x0000000680c00000, 0x0000000800000000)
  region size 4096K, 1 young (4096K), 1 survivors (4096K)
 Metaspace       used 42467K, committed 42944K, reserved 1114112K
  class space    used 5527K, committed 5760K, reserved 1048576K
}
Event: 4.771 GC heap before
{Heap before GC invocations=11 (full 0):
 garbage-first heap   total 69632K, used 52319K [0x0000000680c00000, 0x0000000800000000)
  region size 4096K, 9 young (36864K), 1 survivors (4096K)
 Metaspace       used 50251K, committed 50688K, reserved 1114112K
  class space    used 6765K, committed 6976K, reserved 1048576K
}
Event: 4.774 GC heap after
{Heap after GC invocations=12 (full 0):
 garbage-first heap   total 69632K, used 20935K [0x0000000680c00000, 0x0000000800000000)
  region size 4096K, 2 young (8192K), 2 survivors (8192K)
 Metaspace       used 50251K, committed 50688K, reserved 1114112K
  class space    used 6765K, committed 6976K, reserved 1048576K
}
Event: 5.220 GC heap before
{Heap before GC invocations=12 (full 0):
 garbage-first heap   total 69632K, used 45511K [0x0000000680c00000, 0x0000000800000000)
  region size 4096K, 9 young (36864K), 2 survivors (8192K)
 Metaspace       used 55768K, committed 56256K, reserved 1114112K
  class space    used 7517K, committed 7744K, reserved 1048576K
}
Event: 5.224 GC heap after
{Heap after GC invocations=13 (full 0):
 garbage-first heap   total 69632K, used 22668K [0x0000000680c00000, 0x0000000800000000)
  region size 4096K, 2 young (8192K), 2 survivors (8192K)
 Metaspace       used 55768K, committed 56256K, reserved 1114112K
  class space    used 7517K, committed 7744K, reserved 1048576K
}
Event: 5.494 GC heap before
{Heap before GC invocations=13 (full 0):
 garbage-first heap   total 69632K, used 43148K [0x0000000680c00000, 0x0000000800000000)
  region size 4096K, 8 young (32768K), 2 survivors (8192K)
 Metaspace       used 58417K, committed 58944K, reserved 1114112K
  class space    used 7964K, committed 8192K, reserved 1048576K
}
Event: 5.499 GC heap after
{Heap after GC invocations=14 (full 0):
 garbage-first heap   total 69632K, used 24570K [0x0000000680c00000, 0x0000000800000000)
  region size 4096K, 1 young (4096K), 1 survivors (4096K)
 Metaspace       used 58417K, committed 58944K, reserved 1114112K
  class space    used 7964K, committed 8192K, reserved 1048576K
}
Event: 5.581 GC heap before
{Heap before GC invocations=14 (full 0):
 garbage-first heap   total 69632K, used 28666K [0x0000000680c00000, 0x0000000800000000)
  region size 4096K, 3 young (12288K), 1 survivors (4096K)
 Metaspace       used 59922K, committed 60416K, reserved 1114112K
  class space    used 8319K, committed 8512K, reserved 1048576K
}
Event: 5.584 GC heap after
{Heap after GC invocations=15 (full 0):
 garbage-first heap   total 233472K, used 24897K [0x0000000680c00000, 0x0000000800000000)
  region size 4096K, 1 young (4096K), 1 survivors (4096K)
 Metaspace       used 59922K, committed 60416K, reserved 1114112K
  class space    used 8319K, committed 8512K, reserved 1048576K
}

